<?xml version="1.0" encoding="UTF-8"?>
<testsuite name="hello.demo.ManyToManyTest" tests="2" skipped="0" failures="0" errors="0" timestamp="2023-04-25T01:40:41" hostname="wooui-MacBookAir.local" time="0.128">
  <properties/>
  <testcase name="manyToManyTest()" classname="hello.demo.ManyToManyTest" time="0.111"/>
  <testcase name="orderSearch()" classname="hello.demo.ManyToManyTest" time="0.016"/>
  <system-out><![CDATA[10:40:40.174 [Test worker] DEBUG org.springframework.test.context.BootstrapUtils - Instantiating CacheAwareContextLoaderDelegate from class [org.springframework.test.context.cache.DefaultCacheAwareContextLoaderDelegate]
10:40:40.180 [Test worker] DEBUG org.springframework.test.context.BootstrapUtils - Instantiating BootstrapContext using constructor [public org.springframework.test.context.support.DefaultBootstrapContext(java.lang.Class,org.springframework.test.context.CacheAwareContextLoaderDelegate)]
10:40:40.195 [Test worker] DEBUG org.springframework.test.context.BootstrapUtils - Instantiating TestContextBootstrapper for test class [hello.demo.ManyToManyTest] from class [org.springframework.boot.test.context.SpringBootTestContextBootstrapper]
10:40:40.200 [Test worker] INFO org.springframework.boot.test.context.SpringBootTestContextBootstrapper - Neither @ContextConfiguration nor @ContextHierarchy found for test class [hello.demo.ManyToManyTest], using SpringBootContextLoader
10:40:40.202 [Test worker] DEBUG org.springframework.test.context.support.AbstractContextLoader - Did not detect default resource location for test class [hello.demo.ManyToManyTest]: class path resource [hello/demo/ManyToManyTest-context.xml] does not exist
10:40:40.202 [Test worker] DEBUG org.springframework.test.context.support.AbstractContextLoader - Did not detect default resource location for test class [hello.demo.ManyToManyTest]: class path resource [hello/demo/ManyToManyTestContext.groovy] does not exist
10:40:40.202 [Test worker] INFO org.springframework.test.context.support.AbstractContextLoader - Could not detect default resource locations for test class [hello.demo.ManyToManyTest]: no resource found for suffixes {-context.xml, Context.groovy}.
10:40:40.203 [Test worker] INFO org.springframework.test.context.support.AnnotationConfigContextLoaderUtils - Could not detect default configuration classes for test class [hello.demo.ManyToManyTest]: ManyToManyTest does not declare any static, non-private, non-final, nested classes annotated with @Configuration.
10:40:40.219 [Test worker] DEBUG org.springframework.test.context.support.ActiveProfilesUtils - Could not find an 'annotation declaring class' for annotation type [org.springframework.test.context.ActiveProfiles] and class [hello.demo.ManyToManyTest]
10:40:40.243 [Test worker] DEBUG org.springframework.context.annotation.ClassPathScanningCandidateComponentProvider - Identified candidate component class: file [/Users/woo/Desktop/code/JPA/JpaHello/build/classes/java/main/hello/demo/DemoApplication.class]
10:40:40.244 [Test worker] INFO org.springframework.boot.test.context.SpringBootTestContextBootstrapper - Found @SpringBootConfiguration hello.demo.DemoApplication for test class hello.demo.ManyToManyTest
10:40:40.282 [Test worker] DEBUG org.springframework.boot.test.context.SpringBootTestContextBootstrapper - @TestExecutionListeners is not present for class [hello.demo.ManyToManyTest]: using defaults.
10:40:40.282 [Test worker] INFO org.springframework.boot.test.context.SpringBootTestContextBootstrapper - Loaded default TestExecutionListener class names from location [META-INF/spring.factories]: [org.springframework.boot.test.autoconfigure.restdocs.RestDocsTestExecutionListener, org.springframework.boot.test.autoconfigure.web.client.MockRestServiceServerResetTestExecutionListener, org.springframework.boot.test.autoconfigure.web.servlet.MockMvcPrintOnlyOnFailureTestExecutionListener, org.springframework.boot.test.autoconfigure.web.servlet.WebDriverTestExecutionListener, org.springframework.boot.test.autoconfigure.webservices.client.MockWebServiceServerTestExecutionListener, org.springframework.boot.test.mock.mockito.MockitoTestExecutionListener, org.springframework.boot.test.mock.mockito.ResetMocksTestExecutionListener, org.springframework.test.context.web.ServletTestExecutionListener, org.springframework.test.context.support.DirtiesContextBeforeModesTestExecutionListener, org.springframework.test.context.event.ApplicationEventsTestExecutionListener, org.springframework.test.context.support.DependencyInjectionTestExecutionListener, org.springframework.test.context.support.DirtiesContextTestExecutionListener, org.springframework.test.context.transaction.TransactionalTestExecutionListener, org.springframework.test.context.jdbc.SqlScriptsTestExecutionListener, org.springframework.test.context.event.EventPublishingTestExecutionListener]
10:40:40.286 [Test worker] DEBUG org.springframework.boot.test.context.SpringBootTestContextBootstrapper - Skipping candidate TestExecutionListener [org.springframework.test.context.web.ServletTestExecutionListener] due to a missing dependency. Specify custom listener classes or make the default listener classes and their required dependencies available. Offending class: [javax/servlet/ServletContext]
10:40:40.288 [Test worker] INFO org.springframework.boot.test.context.SpringBootTestContextBootstrapper - Using TestExecutionListeners: [org.springframework.test.context.support.DirtiesContextBeforeModesTestExecutionListener@4e9658b5, org.springframework.test.context.event.ApplicationEventsTestExecutionListener@2a7b6f69, org.springframework.boot.test.mock.mockito.MockitoTestExecutionListener@20312893, org.springframework.boot.test.autoconfigure.SpringBootDependencyInjectionTestExecutionListener@70eecdc2, org.springframework.test.context.support.DirtiesContextTestExecutionListener@c41709a, org.springframework.test.context.transaction.TransactionalTestExecutionListener@7db0565c, org.springframework.test.context.jdbc.SqlScriptsTestExecutionListener@54ec8cc9, org.springframework.test.context.event.EventPublishingTestExecutionListener@52eacb4b, org.springframework.boot.test.autoconfigure.restdocs.RestDocsTestExecutionListener@5528a42c, org.springframework.boot.test.autoconfigure.web.client.MockRestServiceServerResetTestExecutionListener@2a551a63, org.springframework.boot.test.autoconfigure.web.servlet.MockMvcPrintOnlyOnFailureTestExecutionListener@1a6f5124, org.springframework.boot.test.autoconfigure.web.servlet.WebDriverTestExecutionListener@1edb61b1, org.springframework.boot.test.autoconfigure.webservices.client.MockWebServiceServerTestExecutionListener@ec2bf82, org.springframework.boot.test.mock.mockito.ResetMocksTestExecutionListener@cc62a3b]
10:40:40.290 [Test worker] DEBUG org.springframework.test.context.support.AbstractDirtiesContextTestExecutionListener - Before test class: context [DefaultTestContext@72bca894 testClass = ManyToManyTest, testInstance = [null], testMethod = [null], testException = [null], mergedContextConfiguration = [MergedContextConfiguration@433ffad1 testClass = ManyToManyTest, locations = '{}', classes = '{class hello.demo.DemoApplication}', contextInitializerClasses = '[]', activeProfiles = '{}', propertySourceLocations = '{}', propertySourceProperties = '{org.springframework.boot.test.context.SpringBootTestContextBootstrapper=true}', contextCustomizers = set[org.springframework.boot.test.autoconfigure.actuate.metrics.MetricsExportContextCustomizerFactory$DisableMetricExportContextCustomizer@488eb7f2, org.springframework.boot.test.autoconfigure.properties.PropertyMappingContextCustomizer@0, org.springframework.boot.test.autoconfigure.web.servlet.WebDriverContextCustomizerFactory$Customizer@21baa903, org.springframework.boot.test.context.filter.ExcludeFilterContextCustomizer@40cb698e, org.springframework.boot.test.json.DuplicateJsonObjectContextCustomizerFactory$DuplicateJsonObjectContextCustomizer@4a891c97, org.springframework.boot.test.mock.mockito.MockitoContextCustomizer@0, org.springframework.boot.test.web.client.TestRestTemplateContextCustomizer@2cae1042, org.springframework.boot.test.context.SpringBootTestArgs@1, org.springframework.boot.test.context.SpringBootTestWebEnvironment@76b07f29], contextLoader = 'org.springframework.boot.test.context.SpringBootContextLoader', parent = [null]], attributes = map[[empty]]], class annotated with @DirtiesContext [false] with mode [null].
10:40:40.294 [Test worker] DEBUG org.springframework.test.context.support.DependencyInjectionTestExecutionListener - Performing dependency injection for test context [[DefaultTestContext@72bca894 testClass = ManyToManyTest, testInstance = hello.demo.ManyToManyTest@1bc53649, testMethod = [null], testException = [null], mergedContextConfiguration = [MergedContextConfiguration@433ffad1 testClass = ManyToManyTest, locations = '{}', classes = '{class hello.demo.DemoApplication}', contextInitializerClasses = '[]', activeProfiles = '{}', propertySourceLocations = '{}', propertySourceProperties = '{org.springframework.boot.test.context.SpringBootTestContextBootstrapper=true}', contextCustomizers = set[org.springframework.boot.test.autoconfigure.actuate.metrics.MetricsExportContextCustomizerFactory$DisableMetricExportContextCustomizer@488eb7f2, org.springframework.boot.test.autoconfigure.properties.PropertyMappingContextCustomizer@0, org.springframework.boot.test.autoconfigure.web.servlet.WebDriverContextCustomizerFactory$Customizer@21baa903, org.springframework.boot.test.context.filter.ExcludeFilterContextCustomizer@40cb698e, org.springframework.boot.test.json.DuplicateJsonObjectContextCustomizerFactory$DuplicateJsonObjectContextCustomizer@4a891c97, org.springframework.boot.test.mock.mockito.MockitoContextCustomizer@0, org.springframework.boot.test.web.client.TestRestTemplateContextCustomizer@2cae1042, org.springframework.boot.test.context.SpringBootTestArgs@1, org.springframework.boot.test.context.SpringBootTestWebEnvironment@76b07f29], contextLoader = 'org.springframework.boot.test.context.SpringBootContextLoader', parent = [null]], attributes = map['org.springframework.test.context.event.ApplicationEventsTestExecutionListener.recordApplicationEvents' -> false]]].

  .   ____          _            __ _ _
 /\\ / ___'_ __ _ _(_)_ __  __ _ \ \ \ \
( ( )\___ | '_ | '_| | '_ \/ _` | \ \ \ \
 \\/  ___)| |_)| | | | | || (_| |  ) ) ) )
  '  |____| .__|_| |_|_| |_\__, | / / / /
 =========|_|==============|___/=/_/_/_/
 :: Spring Boot ::               (v2.7.11)

2023-04-25 10:40:40.436  INFO 21918 --- [    Test worker] hello.demo.ManyToManyTest                : Starting ManyToManyTest using Java 11.0.14.1 on wooui-MacBookAir.local with PID 21918 (started by woo in /Users/woo/Desktop/code/JPA/JpaHello)
2023-04-25 10:40:40.436  INFO 21918 --- [    Test worker] hello.demo.ManyToManyTest                : The following 1 profile is active: "local"
2023-04-25 10:40:40.621  INFO 21918 --- [    Test worker] .s.d.r.c.RepositoryConfigurationDelegate : Bootstrapping Spring Data JPA repositories in DEFAULT mode.
2023-04-25 10:40:40.627  INFO 21918 --- [    Test worker] .s.d.r.c.RepositoryConfigurationDelegate : Finished Spring Data repository scanning in 2 ms. Found 0 JPA repository interfaces.
2023-04-25 10:40:40.825  INFO 21918 --- [    Test worker] o.hibernate.jpa.internal.util.LogHelper  : HHH000204: Processing PersistenceUnitInfo [name: default]
2023-04-25 10:40:40.849  INFO 21918 --- [    Test worker] org.hibernate.Version                    : HHH000412: Hibernate ORM core version 5.6.15.Final
2023-04-25 10:40:40.968  INFO 21918 --- [    Test worker] o.hibernate.annotations.common.Version   : HCANN000001: Hibernate Commons Annotations {5.1.2.Final}
2023-04-25 10:40:41.025  INFO 21918 --- [    Test worker] com.zaxxer.hikari.HikariDataSource       : HikariPool-1 - Starting...
2023-04-25 10:40:41.069  INFO 21918 --- [    Test worker] com.zaxxer.hikari.HikariDataSource       : HikariPool-1 - Start completed.
2023-04-25 10:40:41.087  INFO 21918 --- [    Test worker] org.hibernate.dialect.Dialect            : HHH000400: Using dialect: org.hibernate.dialect.H2Dialect
2023-04-25 10:40:41.459 DEBUG 21918 --- [    Test worker] org.hibernate.SQL                        : drop table if exists locker CASCADE 
2023-04-25 10:40:41.461 DEBUG 21918 --- [    Test worker] org.hibernate.SQL                        : drop table if exists member CASCADE 
2023-04-25 10:40:41.461 DEBUG 21918 --- [    Test worker] org.hibernate.SQL                        : drop table if exists order_table CASCADE 
2023-04-25 10:40:41.461 DEBUG 21918 --- [    Test worker] org.hibernate.SQL                        : drop table if exists people CASCADE 
2023-04-25 10:40:41.462 DEBUG 21918 --- [    Test worker] org.hibernate.SQL                        : drop table if exists person CASCADE 
2023-04-25 10:40:41.462 DEBUG 21918 --- [    Test worker] org.hibernate.SQL                        : drop table if exists player CASCADE 
2023-04-25 10:40:41.462 DEBUG 21918 --- [    Test worker] org.hibernate.SQL                        : drop table if exists product CASCADE 
2023-04-25 10:40:41.463 DEBUG 21918 --- [    Test worker] org.hibernate.SQL                        : drop table if exists team CASCADE 
2023-04-25 10:40:41.463 DEBUG 21918 --- [    Test worker] org.hibernate.SQL                        : drop sequence if exists hibernate_sequence
2023-04-25 10:40:41.463 DEBUG 21918 --- [    Test worker] org.hibernate.SQL                        : drop sequence if exists people_sequences
2023-04-25 10:40:41.465 DEBUG 21918 --- [    Test worker] org.hibernate.SQL                        : create sequence hibernate_sequence start with 1 increment by 1
2023-04-25 10:40:41.466 DEBUG 21918 --- [    Test worker] org.hibernate.SQL                        : create sequence people_sequences start with 1 increment by 50
2023-04-25 10:40:41.467 DEBUG 21918 --- [    Test worker] org.hibernate.SQL                        : create table locker (id integer not null, name varchar(255), person_id integer, primary key (id))
2023-04-25 10:40:41.468 DEBUG 21918 --- [    Test worker] org.hibernate.SQL                        : create table member (id bigint not null, user_name varchar(255), primary key (id))
2023-04-25 10:40:41.468 DEBUG 21918 --- [    Test worker] org.hibernate.SQL                        : create table order_table (id integer not null, order_amount integer, order_date timestamp, member_id bigint, product_id integer, primary key (id))
2023-04-25 10:40:41.469 DEBUG 21918 --- [    Test worker] org.hibernate.SQL                        : create table people (id integer not null, age integer, created_date timestamp, description clob, last_modified_date timestamp, role_type varchar(255), name varchar(10) not null, primary key (id))
2023-04-25 10:40:41.469 DEBUG 21918 --- [    Test worker] org.hibernate.SQL                        : create table person (id integer not null, name varchar(255), primary key (id))
2023-04-25 10:40:41.470 DEBUG 21918 --- [    Test worker] org.hibernate.SQL                        : create table player (player_id varchar(255) not null, username varchar(255), team_id varchar(255), primary key (player_id))
2023-04-25 10:40:41.470 DEBUG 21918 --- [    Test worker] org.hibernate.SQL                        : create table product (id integer not null, name varchar(255), primary key (id))
2023-04-25 10:40:41.471 DEBUG 21918 --- [    Test worker] org.hibernate.SQL                        : create table team (team_id varchar(255) not null, name varchar(255), primary key (team_id))
2023-04-25 10:40:41.471 DEBUG 21918 --- [    Test worker] org.hibernate.SQL                        : alter table people add constraint NAME_AGE_UNIQUE unique (name, age)
2023-04-25 10:40:41.471 DEBUG 21918 --- [    Test worker] org.hibernate.SQL                        : alter table locker add constraint FKqmdqhw3pbybh8q5vrfb7d3urt foreign key (person_id) references person
2023-04-25 10:40:41.473 DEBUG 21918 --- [    Test worker] org.hibernate.SQL                        : alter table order_table add constraint FK15cbq13rm0gl4ek5lwjucwahw foreign key (member_id) references member
2023-04-25 10:40:41.473 DEBUG 21918 --- [    Test worker] org.hibernate.SQL                        : alter table order_table add constraint FKsy1vjcel74cc1kqu4qprjdv4c foreign key (product_id) references product
2023-04-25 10:40:41.474 DEBUG 21918 --- [    Test worker] org.hibernate.SQL                        : alter table player add constraint FKdvd6ljes11r44igawmpm1mc5s foreign key (team_id) references team
2023-04-25 10:40:41.475  INFO 21918 --- [    Test worker] o.h.e.t.j.p.i.JtaPlatformInitiator       : HHH000490: Using JtaPlatform implementation: [org.hibernate.engine.transaction.jta.platform.internal.NoJtaPlatform]
2023-04-25 10:40:41.480  INFO 21918 --- [    Test worker] j.LocalContainerEntityManagerFactoryBean : Initialized JPA EntityManagerFactory for persistence unit 'default'
2023-04-25 10:40:41.582  INFO 21918 --- [    Test worker] hello.demo.ManyToManyTest                : Started ManyToManyTest in 1.277 seconds (JVM running for 1.769)
2023-04-25 10:40:41.618  INFO 21918 --- [    Test worker] o.s.t.c.transaction.TransactionContext   : Began transaction (1) for test context [DefaultTestContext@72bca894 testClass = ManyToManyTest, testInstance = hello.demo.ManyToManyTest@1bc53649, testMethod = manyToManyTest@ManyToManyTest, testException = [null], mergedContextConfiguration = [MergedContextConfiguration@433ffad1 testClass = ManyToManyTest, locations = '{}', classes = '{class hello.demo.DemoApplication}', contextInitializerClasses = '[]', activeProfiles = '{}', propertySourceLocations = '{}', propertySourceProperties = '{org.springframework.boot.test.context.SpringBootTestContextBootstrapper=true}', contextCustomizers = set[org.springframework.boot.test.autoconfigure.actuate.metrics.MetricsExportContextCustomizerFactory$DisableMetricExportContextCustomizer@488eb7f2, org.springframework.boot.test.autoconfigure.properties.PropertyMappingContextCustomizer@0, org.springframework.boot.test.autoconfigure.web.servlet.WebDriverContextCustomizerFactory$Customizer@21baa903, org.springframework.boot.test.context.filter.ExcludeFilterContextCustomizer@40cb698e, org.springframework.boot.test.json.DuplicateJsonObjectContextCustomizerFactory$DuplicateJsonObjectContextCustomizer@4a891c97, org.springframework.boot.test.mock.mockito.MockitoContextCustomizer@0, org.springframework.boot.test.web.client.TestRestTemplateContextCustomizer@2cae1042, org.springframework.boot.test.context.SpringBootTestArgs@1, org.springframework.boot.test.context.SpringBootTestWebEnvironment@76b07f29], contextLoader = 'org.springframework.boot.test.context.SpringBootContextLoader', parent = [null]], attributes = map['org.springframework.test.context.event.ApplicationEventsTestExecutionListener.recordApplicationEvents' -> false]]; transaction manager [org.springframework.orm.jpa.JpaTransactionManager@114badf0]; rollback [false]
2023-04-25 10:40:41.665 DEBUG 21918 --- [    Test worker] org.hibernate.SQL                        : call next value for hibernate_sequence
2023-04-25 10:40:41.677 DEBUG 21918 --- [    Test worker] org.hibernate.SQL                        : call next value for hibernate_sequence
2023-04-25 10:40:41.678 DEBUG 21918 --- [    Test worker] org.hibernate.SQL                        : call next value for hibernate_sequence
2023-04-25 10:40:41.678 DEBUG 21918 --- [    Test worker] org.hibernate.SQL                        : call next value for hibernate_sequence
2023-04-25 10:40:41.687 DEBUG 21918 --- [    Test worker] org.hibernate.SQL                        : insert into member (user_name, id) values (?, ?)
2023-04-25 10:40:41.688 TRACE 21918 --- [    Test worker] o.h.type.descriptor.sql.BasicBinder      : binding parameter [1] as [VARCHAR] - [seokwoo]
2023-04-25 10:40:41.688 TRACE 21918 --- [    Test worker] o.h.type.descriptor.sql.BasicBinder      : binding parameter [2] as [BIGINT] - [1]
2023-04-25 10:40:41.689 DEBUG 21918 --- [    Test worker] org.hibernate.SQL                        : insert into member (user_name, id) values (?, ?)
2023-04-25 10:40:41.690 TRACE 21918 --- [    Test worker] o.h.type.descriptor.sql.BasicBinder      : binding parameter [1] as [VARCHAR] - [wooseok]
2023-04-25 10:40:41.690 TRACE 21918 --- [    Test worker] o.h.type.descriptor.sql.BasicBinder      : binding parameter [2] as [BIGINT] - [2]
2023-04-25 10:40:41.690 DEBUG 21918 --- [    Test worker] org.hibernate.SQL                        : insert into product (name, id) values (?, ?)
2023-04-25 10:40:41.690 TRACE 21918 --- [    Test worker] o.h.type.descriptor.sql.BasicBinder      : binding parameter [1] as [VARCHAR] - [macbook]
2023-04-25 10:40:41.690 TRACE 21918 --- [    Test worker] o.h.type.descriptor.sql.BasicBinder      : binding parameter [2] as [INTEGER] - [3]
2023-04-25 10:40:41.691 DEBUG 21918 --- [    Test worker] org.hibernate.SQL                        : insert into order_table (member_id, order_amount, order_date, product_id, id) values (?, ?, ?, ?, ?)
2023-04-25 10:40:41.691 TRACE 21918 --- [    Test worker] o.h.type.descriptor.sql.BasicBinder      : binding parameter [1] as [BIGINT] - [1]
2023-04-25 10:40:41.691 TRACE 21918 --- [    Test worker] o.h.type.descriptor.sql.BasicBinder      : binding parameter [2] as [INTEGER] - [null]
2023-04-25 10:40:41.691 TRACE 21918 --- [    Test worker] o.h.type.descriptor.sql.BasicBinder      : binding parameter [3] as [TIMESTAMP] - [null]
2023-04-25 10:40:41.691 TRACE 21918 --- [    Test worker] o.h.type.descriptor.sql.BasicBinder      : binding parameter [4] as [INTEGER] - [3]
2023-04-25 10:40:41.692 TRACE 21918 --- [    Test worker] o.h.type.descriptor.sql.BasicBinder      : binding parameter [5] as [INTEGER] - [4]
2023-04-25 10:40:41.695  INFO 21918 --- [    Test worker] o.s.t.c.transaction.TransactionContext   : Committed transaction for test: [DefaultTestContext@72bca894 testClass = ManyToManyTest, testInstance = hello.demo.ManyToManyTest@1bc53649, testMethod = manyToManyTest@ManyToManyTest, testException = [null], mergedContextConfiguration = [MergedContextConfiguration@433ffad1 testClass = ManyToManyTest, locations = '{}', classes = '{class hello.demo.DemoApplication}', contextInitializerClasses = '[]', activeProfiles = '{}', propertySourceLocations = '{}', propertySourceProperties = '{org.springframework.boot.test.context.SpringBootTestContextBootstrapper=true}', contextCustomizers = set[org.springframework.boot.test.autoconfigure.actuate.metrics.MetricsExportContextCustomizerFactory$DisableMetricExportContextCustomizer@488eb7f2, org.springframework.boot.test.autoconfigure.properties.PropertyMappingContextCustomizer@0, org.springframework.boot.test.autoconfigure.web.servlet.WebDriverContextCustomizerFactory$Customizer@21baa903, org.springframework.boot.test.context.filter.ExcludeFilterContextCustomizer@40cb698e, org.springframework.boot.test.json.DuplicateJsonObjectContextCustomizerFactory$DuplicateJsonObjectContextCustomizer@4a891c97, org.springframework.boot.test.mock.mockito.MockitoContextCustomizer@0, org.springframework.boot.test.web.client.TestRestTemplateContextCustomizer@2cae1042, org.springframework.boot.test.context.SpringBootTestArgs@1, org.springframework.boot.test.context.SpringBootTestWebEnvironment@76b07f29], contextLoader = 'org.springframework.boot.test.context.SpringBootContextLoader', parent = [null]], attributes = map['org.springframework.test.context.event.ApplicationEventsTestExecutionListener.recordApplicationEvents' -> false]]
2023-04-25 10:40:41.698  INFO 21918 --- [    Test worker] o.s.t.c.transaction.TransactionContext   : Began transaction (1) for test context [DefaultTestContext@72bca894 testClass = ManyToManyTest, testInstance = hello.demo.ManyToManyTest@1ab21633, testMethod = orderSearch@ManyToManyTest, testException = [null], mergedContextConfiguration = [MergedContextConfiguration@433ffad1 testClass = ManyToManyTest, locations = '{}', classes = '{class hello.demo.DemoApplication}', contextInitializerClasses = '[]', activeProfiles = '{}', propertySourceLocations = '{}', propertySourceProperties = '{org.springframework.boot.test.context.SpringBootTestContextBootstrapper=true}', contextCustomizers = set[org.springframework.boot.test.autoconfigure.actuate.metrics.MetricsExportContextCustomizerFactory$DisableMetricExportContextCustomizer@488eb7f2, org.springframework.boot.test.autoconfigure.properties.PropertyMappingContextCustomizer@0, org.springframework.boot.test.autoconfigure.web.servlet.WebDriverContextCustomizerFactory$Customizer@21baa903, org.springframework.boot.test.context.filter.ExcludeFilterContextCustomizer@40cb698e, org.springframework.boot.test.json.DuplicateJsonObjectContextCustomizerFactory$DuplicateJsonObjectContextCustomizer@4a891c97, org.springframework.boot.test.mock.mockito.MockitoContextCustomizer@0, org.springframework.boot.test.web.client.TestRestTemplateContextCustomizer@2cae1042, org.springframework.boot.test.context.SpringBootTestArgs@1, org.springframework.boot.test.context.SpringBootTestWebEnvironment@76b07f29], contextLoader = 'org.springframework.boot.test.context.SpringBootContextLoader', parent = [null]], attributes = map['org.springframework.test.context.event.ApplicationEventsTestExecutionListener.recordApplicationEvents' -> false]]; transaction manager [org.springframework.orm.jpa.JpaTransactionManager@114badf0]; rollback [false]
2023-04-25 10:40:41.702 DEBUG 21918 --- [    Test worker] org.hibernate.SQL                        : select member0_.id as id1_1_0_, member0_.user_name as user_nam2_1_0_ from member member0_ where member0_.id=?
2023-04-25 10:40:41.703 TRACE 21918 --- [    Test worker] o.h.type.descriptor.sql.BasicBinder      : binding parameter [1] as [BIGINT] - [1]
2023-04-25 10:40:41.706 DEBUG 21918 --- [    Test worker] org.hibernate.SQL                        : select member0_.id as id1_1_0_, member0_.user_name as user_nam2_1_0_ from member member0_ where member0_.id=?
2023-04-25 10:40:41.707 TRACE 21918 --- [    Test worker] o.h.type.descriptor.sql.BasicBinder      : binding parameter [1] as [BIGINT] - [2]
2023-04-25 10:40:41.707  INFO 21918 --- [    Test worker] hello.demo.ManyToManyTest                : ---------
2023-04-25 10:40:41.708 DEBUG 21918 --- [    Test worker] org.hibernate.SQL                        : select orderlist0_.member_id as member_i4_2_0_, orderlist0_.id as id1_2_0_, orderlist0_.id as id1_2_1_, orderlist0_.member_id as member_i4_2_1_, orderlist0_.order_amount as order_am2_2_1_, orderlist0_.order_date as order_da3_2_1_, orderlist0_.product_id as product_5_2_1_, product1_.id as id1_6_2_, product1_.name as name2_6_2_ from order_table orderlist0_ left outer join product product1_ on orderlist0_.product_id=product1_.id where orderlist0_.member_id=?
2023-04-25 10:40:41.708 TRACE 21918 --- [    Test worker] o.h.type.descriptor.sql.BasicBinder      : binding parameter [1] as [BIGINT] - [1]
2023-04-25 10:40:41.711  INFO 21918 --- [    Test worker] hello.demo.ManyToManyTest                : id : 4
2023-04-25 10:40:41.711  INFO 21918 --- [    Test worker] hello.demo.ManyToManyTest                : ---------
2023-04-25 10:40:41.712 DEBUG 21918 --- [    Test worker] org.hibernate.SQL                        : update order_table set member_id=?, order_amount=?, order_date=?, product_id=? where id=?
2023-04-25 10:40:41.712 TRACE 21918 --- [    Test worker] o.h.type.descriptor.sql.BasicBinder      : binding parameter [1] as [BIGINT] - [2]
2023-04-25 10:40:41.712 TRACE 21918 --- [    Test worker] o.h.type.descriptor.sql.BasicBinder      : binding parameter [2] as [INTEGER] - [null]
2023-04-25 10:40:41.712 TRACE 21918 --- [    Test worker] o.h.type.descriptor.sql.BasicBinder      : binding parameter [3] as [TIMESTAMP] - [null]
2023-04-25 10:40:41.712 TRACE 21918 --- [    Test worker] o.h.type.descriptor.sql.BasicBinder      : binding parameter [4] as [INTEGER] - [3]
2023-04-25 10:40:41.712 TRACE 21918 --- [    Test worker] o.h.type.descriptor.sql.BasicBinder      : binding parameter [5] as [INTEGER] - [4]
2023-04-25 10:40:41.714  INFO 21918 --- [    Test worker] o.s.t.c.transaction.TransactionContext   : Committed transaction for test: [DefaultTestContext@72bca894 testClass = ManyToManyTest, testInstance = hello.demo.ManyToManyTest@1ab21633, testMethod = orderSearch@ManyToManyTest, testException = [null], mergedContextConfiguration = [MergedContextConfiguration@433ffad1 testClass = ManyToManyTest, locations = '{}', classes = '{class hello.demo.DemoApplication}', contextInitializerClasses = '[]', activeProfiles = '{}', propertySourceLocations = '{}', propertySourceProperties = '{org.springframework.boot.test.context.SpringBootTestContextBootstrapper=true}', contextCustomizers = set[org.springframework.boot.test.autoconfigure.actuate.metrics.MetricsExportContextCustomizerFactory$DisableMetricExportContextCustomizer@488eb7f2, org.springframework.boot.test.autoconfigure.properties.PropertyMappingContextCustomizer@0, org.springframework.boot.test.autoconfigure.web.servlet.WebDriverContextCustomizerFactory$Customizer@21baa903, org.springframework.boot.test.context.filter.ExcludeFilterContextCustomizer@40cb698e, org.springframework.boot.test.json.DuplicateJsonObjectContextCustomizerFactory$DuplicateJsonObjectContextCustomizer@4a891c97, org.springframework.boot.test.mock.mockito.MockitoContextCustomizer@0, org.springframework.boot.test.web.client.TestRestTemplateContextCustomizer@2cae1042, org.springframework.boot.test.context.SpringBootTestArgs@1, org.springframework.boot.test.context.SpringBootTestWebEnvironment@76b07f29], contextLoader = 'org.springframework.boot.test.context.SpringBootContextLoader', parent = [null]], attributes = map['org.springframework.test.context.event.ApplicationEventsTestExecutionListener.recordApplicationEvents' -> false]]
]]></system-out>
  <system-err><![CDATA[]]></system-err>
</testsuite>
